<?xml version="1.0" encoding="UTF-8"?>
<!-- Generated by org.testng.reporters.JUnitReportReporter -->
<testsuite skipped="0" hostname="DESKTOP-EC491I0" name="ibmgroup.Automation_UI.LocationPageTest" tests="1" failures="0" timestamp="2020-03-01T22:24:23 IST" time="16.381" errors="0">
  <testcase name="openFacebook" time="16.381" classname="ibmgroup.Automation_UI.LocationPageTest"/>
</testsuite> <!-- ibmgroup.Automation_UI.LocationPageTest -->
