<?xml version="1.0" encoding="UTF-8"?>
<!-- Generated by org.testng.reporters.JUnitReportReporter -->
<testsuite skipped="0" hostname="DESKTOP-EC491I0" name="ibmgroup.Automation_UI.HomePageTest" tests="1" failures="0" timestamp="2020-03-01T22:05:28 IST" time="15.729" errors="0">
  <testcase name="printHello" time="15.729" classname="ibmgroup.Automation_UI.HomePageTest"/>
</testsuite> <!-- ibmgroup.Automation_UI.HomePageTest -->
