<?xml version="1.0" encoding="UTF-8"?>
<!-- Generated by org.testng.reporters.JUnitReportReporter -->
<testsuite skipped="0" hostname="DESKTOP-EC491I0" name="ibmgroup.Automation_UI.HomePageTest" tests="2" failures="0" timestamp="2020-03-03T12:45:04 IST" time="16.316" errors="0">
  <testcase name="openGmail" time="16.316" classname="ibmgroup.Automation_UI.HomePageTest"/>
  <testcase name="testMethod2" time="0.000" classname="ibmgroup.Automation_UI.HomePageTest"/>
</testsuite> <!-- ibmgroup.Automation_UI.HomePageTest -->
