<?xml version="1.0" encoding="UTF-8"?>
<!-- Generated by org.testng.reporters.JUnitReportReporter -->
<testsuite skipped="0" hostname="DESKTOP-EC491I0" name="ibmgroup.Automation_UI.HomePageTest" tests="5" failures="0" timestamp="2020-03-04T11:14:38 IST" time="33.289" errors="0">
  <testcase name="testMethod2" time="0.000" classname="ibmgroup.Automation_UI.HomePageTest"/>
  <testcase name="testMethod3" time="0.000" classname="ibmgroup.Automation_UI.HomePageTest"/>
  <testcase name="openGmail" time="33.289" classname="ibmgroup.Automation_UI.HomePageTest"/>
  <testcase name="testMethod5" time="0.000" classname="ibmgroup.Automation_UI.HomePageTest"/>
  <testcase name="testMethod4" time="0.000" classname="ibmgroup.Automation_UI.HomePageTest"/>
</testsuite> <!-- ibmgroup.Automation_UI.HomePageTest -->
